Determining if the pthread_create exist failed with the following output:
Change Dir: /home/luke/dead_reckoning/ublox_ws/build/CMakeFiles/CMakeTmp

Run Build Command:"/usr/bin/make" "cmTC_67a7e/fast"
/usr/bin/make -f CMakeFiles/cmTC_67a7e.dir/build.make CMakeFiles/cmTC_67a7e.dir/build
make[1]: Entering directory '/home/luke/dead_reckoning/ublox_ws/build/CMakeFiles/CMakeTmp'
Building C object CMakeFiles/cmTC_67a7e.dir/CheckSymbolExists.c.o
/usr/bin/cc     -o CMakeFiles/cmTC_67a7e.dir/CheckSymbolExists.c.o   -c /home/luke/dead_reckoning/ublox_ws/build/CMakeFiles/CMakeTmp/CheckSymbolExists.c
Linking C executable cmTC_67a7e
/usr/bin/cmake -E cmake_link_script CMakeFiles/cmTC_67a7e.dir/link.txt --verbose=1
/usr/bin/cc       CMakeFiles/cmTC_67a7e.dir/CheckSymbolExists.c.o  -o cmTC_67a7e -rdynamic 
CMakeFiles/cmTC_67a7e.dir/CheckSymbolExists.c.o: In function `main':
CheckSymbolExists.c:(.text+0x16): undefined reference to `pthread_create'
collect2: error: ld returned 1 exit status
CMakeFiles/cmTC_67a7e.dir/build.make:97: recipe for target 'cmTC_67a7e' failed
make[1]: *** [cmTC_67a7e] Error 1
make[1]: Leaving directory '/home/luke/dead_reckoning/ublox_ws/build/CMakeFiles/CMakeTmp'
Makefile:126: recipe for target 'cmTC_67a7e/fast' failed
make: *** [cmTC_67a7e/fast] Error 2

File /home/luke/dead_reckoning/ublox_ws/build/CMakeFiles/CMakeTmp/CheckSymbolExists.c:
/* */
#include <pthread.h>

int main(int argc, char** argv)
{
  (void)argv;
#ifndef pthread_create
  return ((int*)(&pthread_create))[argc];
#else
  (void)argc;
  return 0;
#endif
}

Determining if the function pthread_create exists in the pthreads failed with the following output:
Change Dir: /home/luke/dead_reckoning/ublox_ws/build/CMakeFiles/CMakeTmp

Run Build Command:"/usr/bin/make" "cmTC_bde0a/fast"
/usr/bin/make -f CMakeFiles/cmTC_bde0a.dir/build.make CMakeFiles/cmTC_bde0a.dir/build
make[1]: Entering directory '/home/luke/dead_reckoning/ublox_ws/build/CMakeFiles/CMakeTmp'
Building C object CMakeFiles/cmTC_bde0a.dir/CheckFunctionExists.c.o
/usr/bin/cc    -DCHECK_FUNCTION_EXISTS=pthread_create   -o CMakeFiles/cmTC_bde0a.dir/CheckFunctionExists.c.o   -c /usr/share/cmake-3.5/Modules/CheckFunctionExists.c
Linking C executable cmTC_bde0a
/usr/bin/cmake -E cmake_link_script CMakeFiles/cmTC_bde0a.dir/link.txt --verbose=1
/usr/bin/cc   -DCHECK_FUNCTION_EXISTS=pthread_create    CMakeFiles/cmTC_bde0a.dir/CheckFunctionExists.c.o  -o cmTC_bde0a -rdynamic -lpthreads 
/usr/bin/ld: cannot find -lpthreads
collect2: error: ld returned 1 exit status
CMakeFiles/cmTC_bde0a.dir/build.make:97: recipe for target 'cmTC_bde0a' failed
make[1]: *** [cmTC_bde0a] Error 1
make[1]: Leaving directory '/home/luke/dead_reckoning/ublox_ws/build/CMakeFiles/CMakeTmp'
Makefile:126: recipe for target 'cmTC_bde0a/fast' failed
make: *** [cmTC_bde0a/fast] Error 2


